<?xml version="1.0" encoding="UTF-8"?>
<!-- Generated by org.testng.reporters.JUnitXMLReporter -->
<testsuite hostname="L901552" ignored="0" name="Existing Form" tests="1" failures="0" timestamp="04 Oct 2018 09:56:20 GMT" time="3.087" errors="0">
  <testcase name="@AfterMethod afterMethod" time="0.001" classname="library.BaseTest">
    <failure type="java.lang.NullPointerException">
      <![CDATA[java.lang.NullPointerException
at library.BaseTest.getresult(BaseTest.java:83)
at library.BaseTest.afterMethod(BaseTest.java:79)
at java.util.concurrent.ThreadPoolExecutor.runWorker(Unknown Source)
at java.util.concurrent.ThreadPoolExecutor$Worker.run(Unknown Source)
at java.lang.Thread.run(Unknown Source)
... Removed 13 stack frames]]>
    </failure>
  </testcase> <!-- @AfterMethod afterMethod -->
  <testcase name="endToEndValidation_ExistingForm_Test" time="3.016" classname="testCase.EndToEndValidation_ExistingForm_Test"/>
</testsuite> <!-- Existing Form -->
