<?xml version="1.0" encoding="UTF-8"?>
<!-- Generated by org.testng.reporters.JUnitXMLReporter -->
<testsuite hostname="L901552" ignored="0" name="New Form Upload" tests="1" failures="0" timestamp="04 Oct 2018 09:56:17 GMT" time="123.831" errors="0">
  <testcase name="@AfterMethod afterMethod" time="1.971" classname="library.BaseTest">
    <failure type="java.lang.NullPointerException">
      <![CDATA[java.lang.NullPointerException
at library.BaseTest.getresult(BaseTest.java:83)
at library.BaseTest.afterMethod(BaseTest.java:79)
at java.util.concurrent.ThreadPoolExecutor.runWorker(Unknown Source)
at java.util.concurrent.ThreadPoolExecutor$Worker.run(Unknown Source)
at java.lang.Thread.run(Unknown Source)
... Removed 13 stack frames]]>
    </failure>
  </testcase> <!-- @AfterMethod afterMethod -->
  <testcase name="endToEndValidation_NewFormUpload_Test" time="100.36" classname="testCase.EndToEndValidation_NewFormUpload_Test"/>
</testsuite> <!-- New Form Upload -->
